<?xml version="1.0" encoding="UTF-8"?>
<!-- Generated by org.testng.reporters.JUnitReportReporter -->
<testsuite hostname="Isaac" failures="0" tests="2" name="Tests.LoginTest" time="27.341" errors="0" timestamp="2025-05-17T06:33:17 CDT" skipped="0">
  <testcase classname="Tests.LoginTest" name="validLogin" time="20.944"/>
  <testcase classname="Tests.LoginTest" name="invalidLogin" time="6.397"/>
</testsuite> <!-- Tests.LoginTest -->
