<?xml version="1.0" encoding="UTF-8"?>
<!-- Generated by org.testng.reporters.JUnitReportReporter -->
<testsuite hostname="Isaac" failures="0" tests="3" name="Tests.EndToEndTests" time="51.097" errors="0" timestamp="2025-05-17T19:14:27 CDT" skipped="0">
  <testcase classname="Tests.EndToEndTests" name="submitOrder" time="9.707"/>
  <testcase classname="Tests.EndToEndTests" name="submitOrder" time="9.398"/>
  <testcase classname="Tests.EndToEndTests" name="submitOrder" time="31.992"/>
</testsuite> <!-- Tests.EndToEndTests -->
