<?xml version="1.0" encoding="UTF-8"?>
<!-- Generated by org.testng.reporters.JUnitReportReporter -->
<testsuite hostname="Isaac" failures="0" tests="2" name="Cucumber.TestNGRunner" time="10.296" errors="0" timestamp="2025-05-17T19:39:50 CDT" skipped="0">
  <testcase classname="Cucumber.TestNGRunner" name="runScenario" time="5.466"/>
  <testcase classname="Cucumber.TestNGRunner" name="runScenario" time="4.830"/>
</testsuite> <!-- Cucumber.TestNGRunner -->
