<?xml version="1.0" encoding="UTF-8"?>
<!-- Generated by org.testng.reporters.JUnitReportReporter -->
<testsuite hostname="Isaac" failures="0" tests="2" name="Tests.LoginTest" time="20.780" errors="0" timestamp="2025-05-17T19:14:27 CDT" skipped="0">
  <testcase classname="Tests.LoginTest" name="validLogin" time="12.930"/>
  <testcase classname="Tests.LoginTest" name="invalidLogin" time="7.850"/>
</testsuite> <!-- Tests.LoginTest -->
