<?xml version="1.0" encoding="UTF-8"?>
<!-- Generated by org.testng.reporters.JUnitReportReporter -->
<testsuite hostname="Isaac" failures="0" tests="3" name="Tests.EndToEndTests" time="36.909" errors="0" timestamp="2025-05-17T06:33:17 CDT" skipped="0">
  <testcase classname="Tests.EndToEndTests" name="submitOrder" time="13.711"/>
  <testcase classname="Tests.EndToEndTests" name="submitOrder" time="12.540"/>
  <testcase classname="Tests.EndToEndTests" name="submitOrder" time="10.658"/>
</testsuite> <!-- Tests.EndToEndTests -->
